<?xml version="1.0" encoding="UTF-8"?>
<robot generator="Robot 4.1.1 (Python 3.9.7 on win32)" generated="20210928 16:43:17.435" rpa="false" schemaversion="2">
<suite id="s1" name="Teste" source="D:\git_repositorios\repo_estudo\Bimestre 2\Testing\Testes\teste.robot">
<test id="s1-t1" name="[TESTE 0001 - Finalizando uma compra com usuário comum]">
<kw name="Abrir o site da loja" library="Keywords" type="SETUP">
<kw name="Open Browser" library="SeleniumLibrary">
<arg>${URL}</arg>
<arg>${NAVEGADOR}</arg>
<doc>Opens a new browser instance to the optional ``url``.</doc>
<msg timestamp="20210928 16:43:17.802" level="INFO">Opening browser 'chrome' to base url 'http://saucedemo.com'.</msg>
<status status="PASS" starttime="20210928 16:43:17.801" endtime="20210928 16:43:21.269"/>
</kw>
<status status="PASS" starttime="20210928 16:43:17.801" endtime="20210928 16:43:21.269"/>
</kw>
<kw name="Fazer login no site da loja" library="Keywords">
<kw name="Wait Until Element Is Visible" library="SeleniumLibrary">
<arg>${LOGIN}</arg>
<arg>10</arg>
<doc>Waits until the element ``locator`` is visible.</doc>
<status status="PASS" starttime="20210928 16:43:21.270" endtime="20210928 16:43:21.302"/>
</kw>
<kw name="Input Text" library="SeleniumLibrary">
<arg>${LOGIN}</arg>
<arg>standard_user</arg>
<doc>Types the given ``text`` into the text field identified by ``locator``.</doc>
<msg timestamp="20210928 16:43:21.302" level="INFO">Typing text 'standard_user' into text field 'id=user-name'.</msg>
<status status="PASS" starttime="20210928 16:43:21.302" endtime="20210928 16:43:21.379"/>
</kw>
<kw name="Input Text" library="SeleniumLibrary">
<arg>${SENHA}</arg>
<arg>secret_sauce</arg>
<doc>Types the given ``text`` into the text field identified by ``locator``.</doc>
<msg timestamp="20210928 16:43:21.380" level="INFO">Typing text 'secret_sauce' into text field 'id=password'.</msg>
<status status="PASS" starttime="20210928 16:43:21.380" endtime="20210928 16:43:21.452"/>
</kw>
<kw name="Click Element" library="SeleniumLibrary">
<arg>${BOTAOLOGIN}</arg>
<doc>Click the element identified by ``locator``.</doc>
<msg timestamp="20210928 16:43:21.452" level="INFO">Clicking element 'id=login-button'.</msg>
<status status="PASS" starttime="20210928 16:43:21.452" endtime="20210928 16:43:21.539"/>
</kw>
<status status="PASS" starttime="20210928 16:43:21.269" endtime="20210928 16:43:21.539"/>
</kw>
<kw name="Abrir os detalhes do produto &quot;Sauce Labs Bolt T-Shirt&quot;" library="Keywords">
<kw name="Wait Until Element Is Visible" library="SeleniumLibrary">
<arg>${BOLT}</arg>
<arg>10</arg>
<doc>Waits until the element ``locator`` is visible.</doc>
<status status="PASS" starttime="20210928 16:43:21.540" endtime="20210928 16:43:21.562"/>
</kw>
<kw name="Click Element" library="SeleniumLibrary">
<arg>${BOLT}</arg>
<doc>Click the element identified by ``locator``.</doc>
<msg timestamp="20210928 16:43:21.562" level="INFO">Clicking element 'css=#item_1_title_link &gt; div'.</msg>
<status status="PASS" starttime="20210928 16:43:21.562" endtime="20210928 16:43:21.599"/>
</kw>
<status status="PASS" starttime="20210928 16:43:21.540" endtime="20210928 16:43:21.599"/>
</kw>
<kw name="Adicionar o produto &quot;Sauce Labs Bolt T-Shirt&quot; ao carrinho" library="Keywords">
<kw name="Click Element" library="SeleniumLibrary">
<arg>${ADICIONARBOLT}</arg>
<doc>Click the element identified by ``locator``.</doc>
<msg timestamp="20210928 16:43:21.600" level="INFO">Clicking element 'id=add-to-cart-sauce-labs-bolt-t-shirt'.</msg>
<status status="PASS" starttime="20210928 16:43:21.600" endtime="20210928 16:43:21.635"/>
</kw>
<status status="PASS" starttime="20210928 16:43:21.599" endtime="20210928 16:43:21.636"/>
</kw>
<kw name="Abrir o carrinho de compras" library="Keywords">
<kw name="Click Element" library="SeleniumLibrary">
<arg>${CARRINHO}</arg>
<doc>Click the element identified by ``locator``.</doc>
<msg timestamp="20210928 16:43:21.637" level="INFO">Clicking element 'css=#shopping_cart_container &gt; a'.</msg>
<status status="PASS" starttime="20210928 16:43:21.637" endtime="20210928 16:43:21.740"/>
</kw>
<status status="PASS" starttime="20210928 16:43:21.636" endtime="20210928 16:43:21.740"/>
</kw>
<kw name="Clicar em &quot;Checkout&quot;" library="Keywords">
<kw name="Click Element" library="SeleniumLibrary">
<arg>${CHECKOUT}</arg>
<doc>Click the element identified by ``locator``.</doc>
<msg timestamp="20210928 16:43:21.742" level="INFO">Clicking element 'id=checkout'.</msg>
<status status="PASS" starttime="20210928 16:43:21.741" endtime="20210928 16:43:21.788"/>
</kw>
<status status="PASS" starttime="20210928 16:43:21.741" endtime="20210928 16:43:21.788"/>
</kw>
<kw name="Preencher informações do cliente e clicar em &quot;Continue&quot;" library="Keywords">
<kw name="Input Text" library="SeleniumLibrary">
<arg>${FIRSTNAME}</arg>
<arg>Caio</arg>
<doc>Types the given ``text`` into the text field identified by ``locator``.</doc>
<msg timestamp="20210928 16:43:21.790" level="INFO">Typing text 'Caio' into text field 'id=first-name'.</msg>
<status status="PASS" starttime="20210928 16:43:21.790" endtime="20210928 16:43:21.868"/>
</kw>
<kw name="Input Text" library="SeleniumLibrary">
<arg>${LASTNAME}</arg>
<arg>Castro</arg>
<doc>Types the given ``text`` into the text field identified by ``locator``.</doc>
<msg timestamp="20210928 16:43:21.868" level="INFO">Typing text 'Castro' into text field 'id=last-name'.</msg>
<status status="PASS" starttime="20210928 16:43:21.868" endtime="20210928 16:43:21.949"/>
</kw>
<kw name="Input Text" library="SeleniumLibrary">
<arg>${POSTALCODE}</arg>
<arg>00000</arg>
<doc>Types the given ``text`` into the text field identified by ``locator``.</doc>
<msg timestamp="20210928 16:43:21.950" level="INFO">Typing text '00000' into text field 'id=postal-code'.</msg>
<status status="PASS" starttime="20210928 16:43:21.949" endtime="20210928 16:43:22.029"/>
</kw>
<kw name="Click Element" library="SeleniumLibrary">
<arg>${CONTINUE}</arg>
<doc>Click the element identified by ``locator``.</doc>
<msg timestamp="20210928 16:43:22.029" level="INFO">Clicking element 'id=continue'.</msg>
<status status="PASS" starttime="20210928 16:43:22.029" endtime="20210928 16:43:22.080"/>
</kw>
<status status="PASS" starttime="20210928 16:43:21.789" endtime="20210928 16:43:22.081"/>
</kw>
<kw name="Confirmar se o valor final da compra é de $17.27 e clicar no botão &quot;Finish&quot;" library="Keywords">
<kw name="Element Should Contain" library="SeleniumLibrary">
<arg>${ELEMENTO}</arg>
<arg>$17.27</arg>
<doc>Verifies that element ``locator`` contains text ``expected``.</doc>
<msg timestamp="20210928 16:43:22.101" level="INFO">Element 'css=#checkout_summary_container &gt; div &gt; div.summary_info &gt; div.summary_total_label' contains text '$17.27'.</msg>
<status status="PASS" starttime="20210928 16:43:22.082" endtime="20210928 16:43:22.101"/>
</kw>
<kw name="Click Element" library="SeleniumLibrary">
<arg>${FINISH}</arg>
<doc>Click the element identified by ``locator``.</doc>
<msg timestamp="20210928 16:43:22.101" level="INFO">Clicking element 'id=finish'.</msg>
<status status="PASS" starttime="20210928 16:43:22.101" endtime="20210928 16:43:22.141"/>
</kw>
<status status="PASS" starttime="20210928 16:43:22.081" endtime="20210928 16:43:22.142"/>
</kw>
<kw name="Verificar se a frase &quot;THANK YOU FOR YOUR ORDER&quot; está sendo exibida" library="Keywords">
<kw name="Element Should Contain" library="SeleniumLibrary">
<arg>${MENSAGEM}</arg>
<arg>THANK YOU FOR YOUR ORDER</arg>
<doc>Verifies that element ``locator`` contains text ``expected``.</doc>
<msg timestamp="20210928 16:43:22.162" level="INFO">Element 'css=#checkout_complete_container &gt; h2' contains text 'THANK YOU FOR YOUR ORDER'.</msg>
<status status="PASS" starttime="20210928 16:43:22.143" endtime="20210928 16:43:22.162"/>
</kw>
<status status="PASS" starttime="20210928 16:43:22.142" endtime="20210928 16:43:22.162"/>
</kw>
<kw name="Close Browser" library="SeleniumLibrary" type="TEARDOWN">
<doc>Closes the current browser.</doc>
<status status="PASS" starttime="20210928 16:43:22.163" endtime="20210928 16:43:24.300"/>
</kw>
<status status="PASS" starttime="20210928 16:43:17.800" endtime="20210928 16:43:24.301"/>
</test>
<status status="PASS" starttime="20210928 16:43:17.437" endtime="20210928 16:43:24.306"/>
</suite>
<statistics>
<total>
<stat pass="1" fail="0" skip="0">All Tests</stat>
</total>
<tag>
</tag>
<suite>
<stat pass="1" fail="0" skip="0" id="s1" name="Teste">Teste</stat>
</suite>
</statistics>
<errors>
</errors>
</robot>
