<?xml version="1.0" encoding="UTF-8"?>
<robot generator="Robot 4.1.1 (Python 3.9.7 on win32)" generated="20210923 13:58:25.387" rpa="false" schemaversion="2">
<suite id="s1" name="Mercadolivre" source="C:\Users\freak\desktop\testes\Mercadolivre.robot">
<test id="s1-t1" name="Mercado Livre">
<kw name="Acessar o site do Mercado Livre">
<kw name="Open Browser http://mercadolivre.com.br brave">
<msg timestamp="20210923 13:58:25.609" level="FAIL">No keyword with name 'Open Browser http://mercadolivre.com.br brave' found.</msg>
<status status="FAIL" starttime="20210923 13:58:25.609" endtime="20210923 13:58:25.609"/>
</kw>
<status status="FAIL" starttime="20210923 13:58:25.606" endtime="20210923 13:58:25.610"/>
</kw>
<kw name="Faça uma busca por Iphone 12">
<status status="NOT RUN" starttime="20210923 13:58:25.611" endtime="20210923 13:58:25.611"/>
</kw>
<kw name="Clicar no primeiro resultado da busca">
<status status="NOT RUN" starttime="20210923 13:58:25.611" endtime="20210923 13:58:25.611"/>
</kw>
<status status="FAIL" starttime="20210923 13:58:25.606" endtime="20210923 13:58:25.612">No keyword with name 'Open Browser http://mercadolivre.com.br brave' found.</status>
</test>
<status status="FAIL" starttime="20210923 13:58:25.391" endtime="20210923 13:58:25.614"/>
</suite>
<statistics>
<total>
<stat pass="0" fail="1" skip="0">All Tests</stat>
</total>
<tag>
</tag>
<suite>
<stat pass="0" fail="1" skip="0" id="s1" name="Mercadolivre">Mercadolivre</stat>
</suite>
</statistics>
<errors>
</errors>
</robot>
